<html>
<head>
<title>TestNG:  Test-Nexus-5_API-19</title>
<link href="../testng.css" rel="stylesheet" type="text/css" />
<link href="../my-testng.css" rel="stylesheet" type="text/css" />

<style type="text/css">
.log { display: none;} 
.stack-trace { display: none;} 
</style>
<script type="text/javascript">
<!--
function flip(e) {
  current = e.style.display;
  if (current == 'block') {
    e.style.display = 'none';
    return 0;
  }
  else {
    e.style.display = 'block';
    return 1;
  }
}

function toggleBox(szDivId, elem, msg1, msg2)
{
  var res = -1;  if (document.getElementById) {
    res = flip(document.getElementById(szDivId));
  }
  else if (document.all) {
    // this is the way old msie versions work
    res = flip(document.all[szDivId]);
  }
  if(elem) {
    if(res == 0) elem.innerHTML = msg1; else elem.innerHTML = msg2;
  }

}

function toggleAllBoxes() {
  if (document.getElementsByTagName) {
    d = document.getElementsByTagName('div');
    for (i = 0; i < d.length; i++) {
      if (d[i].className == 'log') {
        flip(d[i]);
      }
    }
  }
}

// -->
</script>

</head>
<body>
<h2 align='center'>Test-Nexus-5_API-19</h2><table border='1' align="center">
<tr>
<td>Tests passed/Failed/Skipped:</td><td>0/1/0</td>
</tr><tr>
<td>Started on:</td><td>Wed Aug 08 11:26:59 IST 2018</td>
</tr>
<tr><td>Total time:</td><td>207 seconds (207208 ms)</td>
</tr><tr>
<td>Included groups:</td><td></td>
</tr><tr>
<td>Excluded groups:</td><td></td>
</tr>
</table><p/>
<small><i>(Hover the method name to see the test class name)</i></small><p/>
<table width='100%' border='1' class='invocation-failed'>
<tr><td colspan='4' align='center'><b>FAILED TESTS</b></td></tr>
<tr><td><b>Test method</b></td>
<td width="30%"><b>Exception</b></td>
<td width="10%"><b>Time (seconds)</b></td>
<td><b>Instance</b></td>
</tr>
<tr>
<td title='org.framework.adib.selendroidTestApp.Runner.TestRunner.feature()'><b>feature</b><br>Test class: org.framework.adib.selendroidTestApp.Runner.TestRunner<br>Test method: Runs Cucumber Feature<br>Parameters: Smoke Selendroid Test</td>
<td><div><pre>cucumber.runtime.CucumberException: org.openqa.selenium.WebDriverException: org.openqa.selenium.WebDriverException: Returned value cannot be converted to WebElement: {error=invalid session id, message=A session is either terminated or not started, stacktrace=NoSuchDriverError: A session is either terminated or not started
    at asyncHandler$ (C:\Users\kapilsuri\AppData\Local\Programs\Appium\resources\app\node_modules\appium-base-driver\lib\protocol\protocol.js:212:15)
    at tryCatch (C:\Users\kapilsuri\AppData\Local\Programs\Appium\resources\app\node_modules\appium-base-driver\node_modules\babel-runtime\regenerator\runtime.js:67:40)
    at GeneratorFunctionPrototype.invoke [as _invoke] (C:\Users\kapilsuri\AppData\Local\Programs\Appium\resources\app\node_modules\appium-base-driver\node_modules\babel-runtime\regenerator\runtime.js:315:22)
    at GeneratorFunctionPrototype.prototype.(anonymous function) [as next] (C:\Users\kapilsuri\AppData\Local\Programs\Appium\resources\app\node_modules\appium-base-driver\node_modules\babel-runtime\regenerator\runtime.js:100:21)
    at invoke (C:\Users\kapilsuri\AppData\Local\Programs\Appium\resources\app\node_modules\appium-base-driver\node_modules\babel-runtime\regenerator\runtime.js:136:37)
    at enqueueResult (C:\Users\kapilsuri\AppData\Local\Programs\Appium\resources\app\node_modules\appium-base-driver\node_modules\babel-runtime\regenerator\runtime.js:185:17)
    at new Promise (&lt;anonymous&gt;)
    at new F (C:\Users\kapilsuri\AppData\Local\Programs\Appium\resources\app\node_modules\appium-base-driver\node_modules\core-js\library\modules\$.export.js:30:36)
    at AsyncIterator.enqueue (C:\Users\kapilsuri\AppData\Local\Programs\Appium\resources\app\node_modules\appium-base-driver\node_modules\babel-runtime\regenerator\runtime.js:184:12)
    at AsyncIterator.prototype.(anonymous function) [as next] (C:\Users\kapilsuri\AppData\Local\Programs\Appium\resources\app\node_modules\appium-base-driver\node_modules\babel-runtime\regenerator\runtime.js:100:21)
    at Object.runtime.async (C:\Users\kapilsuri\AppData\Local\Programs\Appium\resources\app\node_modules\appium-base-driver\node_modules\babel-runtime\regenerator\runtime.js:209:12)
    at asyncHandler (C:\Users\kapilsuri\AppData\Local\Programs\Appium\resources\app\node_modules\appium-base-driver\build\lib\protocol\protocol.js:331:32)
    at C:\Users\kapilsuri\AppData\Local\Programs\Appium\resources\app\node_modules\appium-base-driver\lib\protocol\protocol.js:394:15
    at Layer.handle [as handle_request] (C:\Users\kapilsuri\AppData\Local\Programs\Appium\resources\app\node_modules\express\lib\router\layer.js:95:5)
    at next (C:\Users\kapilsuri\AppData\Local\Programs\Appium\resources\app\node_modules\express\lib\router\route.js:137:13)
    at Route.dispatch (C:\Users\kapilsuri\AppData\Local\Programs\Appium\resources\app\node_modules\express\lib\router\route.js:112:3)
    at Layer.handle [as handle_request] (C:\Users\kapilsuri\AppData\Local\Programs\Appium\resources\app\node_modules\express\lib\router\layer.js:95:5)
    at C:\Users\kapilsuri\AppData\Local\Programs\Appium\resources\app\node_modules\express\lib\router\index.js:281:22
    at param (C:\Users\kapilsuri\AppData\Local\Programs\Appium\resources\app\node_modules\express\lib\router\index.js:354:14)
    at param (C:\Users\kapilsuri\AppData\Local\Programs\Appium\resources\app\node_modules\express\lib\router\index.js:365:14)
    at Function.process_params (C:\Users\kapilsuri\AppData\Local\Programs\Appium\resources\app\node_modules\express\lib\router\index.js:410:3)
    at next (C:\Users\kapilsuri\AppData\Local\Programs\Appium\resources\app\node_modules\express\lib\router\index.js:275:10)
    at logger (C:\Users\kapilsuri\AppData\Local\Programs\Appium\resources\app\node_modules\morgan\index.js:144:5)
    at Layer.handle [as handle_request] (C:\Users\kapilsuri\AppData\Local\Programs\Appium\resources\app\node_modules\express\lib\router\layer.js:95:5)
    at trim_prefix (C:\Users\kapilsuri\AppData\Local\Programs\Appium\resources\app\node_modules\express\lib\router\index.js:317:13)
    at C:\Users\kapilsuri\AppData\Local\Programs\Appium\resources\app\node_modules\express\lib\router\index.js:284:7
    at Function.process_params (C:\Users\kapilsuri\AppData\Local\Programs\Appium\resources\app\node_modules\express\lib\router\index.js:335:12)
    at next (C:\Users\kapilsuri\AppData\Local\Programs\Appium\resources\app\node_modules\express\lib\router\index.js:275:10)
    at C:\Users\kapilsuri\AppData\Local\Programs\Appium\resources\app\node_modules\body-parser\lib\read.js:130:5
    at invokeCallback (C:\Users\kapilsuri\AppData\Local\Programs\Appium\resources\app\node_modules\raw-body\index.js:224:16)
    at done (C:\Users\kapilsuri\AppData\Local\Programs\Appium\resources\app\node_modules\raw-body\index.js:213:7)
    at IncomingMessage.onEnd (C:\Users\kapilsuri\AppData\Local\Programs\Appium\resources\app\node_modules\raw-body\index.js:273:7)
    at emitNone (events.js:106:13)
    at IncomingMessage.emit (events.js:208:7)
    at endReadableNT (_stream_readable.js:1056:12)
    at _combinedTickCallback (internal/process/next_tick.js:138:11)
    at process._tickCallback (internal/process/next_tick.js:180:9)}
Build info: version: &apos;3.12.0&apos;, revision: &apos;7c6e0b3&apos;, time: &apos;2018-05-08T14:04:26.12Z&apos;
System info: host: &apos;KAPIL3894&apos;, ip: &apos;169.254.57.2&apos;, os.name: &apos;Windows 7&apos;, os.arch: &apos;amd64&apos;, os.version: &apos;6.1&apos;, java.version: &apos;1.8.0_77&apos;
Driver info: driver.version: AndroidDriver
	at cucumber.api.testng.TestNGCucumberRunner.runCucumber(TestNGCucumberRunner.java:69)
	at cucumber.api.testng.AbstractTestNGCucumberTests.feature(AbstractTestNGCucumberTests.java:21)
	at java.util.concurrent.FutureTask.run(FutureTask.java:266)
	at java.util.concurrent.ThreadPoolExecutor.runWorker(ThreadPoolExecutor.java:1142)
	at java.util.concurrent.ThreadPoolExecutor$Worker.run(ThreadPoolExecutor.java:617)
	at java.lang.Thread.run(Thread.java:745)
Caused by: org.openqa.selenium.WebDriverException: org.openqa.selenium.WebDriverException: Returned value cannot be converted to WebElement: {error=invalid session id, message=A session is either terminated or not started, stacktrace=NoSuchDriverError: A session is either terminated or not started
    at asyncHandler$ (C:\Users\kapilsuri\AppData\Local\Programs\Appium\resources\app\node_modules\appium-base-driver\lib\protocol\protocol.js:212:15)
    at tryCatch (C:\Users\kapilsuri\AppData\Local\Programs\Appium\resources\app\node_modules\appium-base-driver\node_modules\babel-runtime\regenerator\runtime.js:67:40)
    at GeneratorFunctionPrototype.invoke [as _invoke] (C:\Users\kapilsuri\AppData\Local\Programs\Appium\resources\app\node_modules\appium-base-driver\node_modules\babel-runtime\regenerator\runtime.js:315:22)
    at GeneratorFunctionPrototype.prototype.(anonymous function) [as next] (C:\Users\kapilsuri\AppData\Local\Programs\Appium\resources\app\node_modules\appium-base-driver\node_modules\babel-runtime\regenerator\runtime.js:100:21)
    at invoke (C:\Users\kapilsuri\AppData\Local\Programs\Appium\resources\app\node_modules\appium-base-driver\node_modules\babel-runtime\regenerator\runtime.js:136:37)
    at enqueueResult (C:\Users\kapilsuri\AppData\Local\Programs\Appium\resources\app\node_modules\appium-base-driver\node_modules\babel-runtime\regenerator\runtime.js:185:17)
    at new Promise (&lt;anonymous&gt;)
    at new F (C:\Users\kapilsuri\AppData\Local\Programs\Appium\resources\app\node_modules\appium-base-driver\node_modules\core-js\library\modules\$.export.js:30:36)
    at AsyncIterator.enqueue (C:\Users\kapilsuri\AppData\Local\Programs\Appium\resources\app\node_modules\appium-base-driver\node_modules\babel-runtime\regenerator\runtime.js:184:12)
    at AsyncIterator.prototype.(anonymous function) [as next] (C:\Users\kapilsuri\AppData\Local\Programs\Appium\resources\app\node_modules\appium-base-driver\node_modules\babel-runtime\regenerator\runtime.js:100:21)
    at Object.runtime.async (C:\Users\kapilsuri\AppData\Local\Programs\Appium\resources\app\node_modules\appium-base-driver\node_modules\babel-runtime\regenerator\runtime.js:209:12)
    at asyncHandler (C:\Users\kapilsuri\AppData\Local\Programs\Appium\resources\app\node_modules\appium-base-driver\build\lib\protocol\protocol.js:331:32)
    at C:\Users\kapilsuri\AppData\Local\Programs\Appium\resources\app\node_modules\appium-base-driver\lib\protocol\protocol.js:394:15
    at Layer.handle [as handle_request] (C:\Users\kapilsuri\AppData\Local\Programs\Appium\resources\app\node_modules\express\lib\router\layer.js:95:5)
    at next (C:\Users\kapilsuri\AppData\Local\Programs\Appium\resources\app\node_modules\express\lib\router\route.js:137:13)
    at Route.dispatch (C:\Users\kapilsuri\AppData\Local\Programs\Appium\resources\app\node_modules\express\lib\router\route.js:112:3)
    at Layer.handle [as handle_request] (C:\Users\kapilsuri\AppData\Local\Programs\Appium\resources\app\node_modules\express\lib\router\layer.js:95:5)
    at C:\Users\kapilsuri\AppData\Local\Programs\Appium\resources\app\node_modules\express\lib\router\index.js:281:22
    at param (C:\Users\kapilsuri\AppData\Local\Programs\Appium\resources\app\node_modules\express\lib\router\index.js:354:14)
    at param (C:\Users\kapilsuri\AppData\Local\Programs\Appium\resources\app\node_modules\express\lib\router\index.js:365:14)
    at Function.process_params (C:\Users\kapilsuri\AppData\Local\Programs\Appium\resources\app\node_modules\express\lib\router\index.js:410:3)
    at next (C:\Users\kapilsuri\AppData\Local\Programs\Appium\resources\app\node_modules\express\lib\router\index.js:275:10)
    at logger (C:\Users\kapilsuri\AppData\Local\Programs\Appium\resources\app\node_modules\morgan\index.js:144:5)
    at Layer.handle [as handle_request] (C:\Users\kapilsuri\AppData\Local\Programs\Appium\resources\app\node_modules\express\lib\router\layer.js:95:5)
    at trim_prefix (C:\Users\kapilsuri\AppData\Local\Programs\Appium\resources\app\node_modules\express\lib\router\index.js:317:13)
    at C:\Users\kapilsuri\AppData\Local\Programs\Appium\resources\app\node_modules\express\lib\router\index.js:284:7
    at Function.process_params (C:\Users\kapilsuri\AppData\Local\Programs\Appium\resources\app\node_modules\express\lib\router\index.js:335:12)
    at next (C:\Users\kapilsuri\AppData\Local\Programs\Appium\resources\app\node_modules\express\lib\router\index.js:275:10)
    at C:\Users\kapilsuri\AppData\Local\Programs\Appium\resources\app\node_modules\body-parser\lib\read.js:130:5
    at invokeCallback (C:\Users\kapilsuri\AppData\Local\Programs\Appium\resources\app\node_modules\raw-body\index.js:224:16)
    at done (C:\Users\kapilsuri\AppData\Local\Programs\Appium\resources\app\node_modules\raw-body\index.js:213:7)
    at IncomingMessage.onEnd (C:\Users\kapilsuri\AppData\Local\Programs\Appium\resources\app\node_modules\raw-body\index.js:273:7)
    at emitNone (events.js:106:13)
    at IncomingMessage.emit (events.js:208:7)
    at endReadableNT (_stream_readable.js:1056:12)
    at _combinedTickCallback (internal/process/next_tick.js:138:11)
    at process._tickCallback (internal/process/next_tick.js:180:9)}
Build info: version: &apos;3.12.0&apos;, revision: &apos;7c6e0b3&apos;, time: &apos;2018-05-08T14:04:26.12Z&apos;
System info: host: &apos;KAPIL3894&apos;, ip: &apos;169.254.57.2&apos;, os.name: &apos;Windows 7&apos;, os.arch: &apos;amd64&apos;, os.version: &apos;6.1&apos;, java.version: &apos;1.8.0_77&apos;
Driver info: driver.version: AndroidDriver
	at io.appium.java_client.pagefactory.AppiumElementLocator$WaitingFunction.apply(AppiumElementLocator.java:170)
	at io.appium.java_client.pagefactory.AppiumElementLocator$WaitingFunction.apply(AppiumElementLocator.java:1)
	at org.openqa.selenium.support.ui.FluentWait.until(FluentWait.java:248)
	at io.appium.java_client.pagefactory.AppiumElementLocator.waitFor(AppiumElementLocator.java:76)
	at io.appium.java_client.pagefactory.AppiumElementLocator.findElement(AppiumElementLocator.java:95)
	at io.appium.java_client.pagefactory.interceptors.InterceptorOfASingleElement.intercept(InterceptorOfASingleElement.java:61)
	at io.appium.java_client.android.AndroidElement$$EnhancerByCGLIB$$b598166c.click(&lt;generated&gt;)
	at org.framework.adib.selendroidTestApp.pages.HomePage.clickNewRegBttn(HomePage.java:32)
	at org.framework.adib.selendroidTestApp.StepDefinition.SelendroidTest.user_clicks_on_Create_New_User_icon(SelendroidTest.java:41)
	at ?.When User clicks on Create New User icon(src/test/java/org/framework/adib/selendroidTestApp/Feature/MyApplicationFeature.feature:6)
Caused by: org.openqa.selenium.WebDriverException: Returned value cannot be converted to WebElement: {error=invalid session id, message=A session is either terminated or not started, stacktrace=NoSuchDriverError: A session is either terminated or not started
    at asyncHandler$ (C:\Users\kapilsuri\AppData\Local\Programs\Appium\resources\app\node_modules\appium-base-driver\lib\protocol\protocol.js:212:15)
    at tryCatch (C:\Users\kapilsuri\AppData\Local\Programs\Appium\resources\app\node_modules\appium-base-driver\node_modules\babel-runtime\regenerator\runtime.js:67:40)
    at GeneratorFunctionPrototype.invoke [as _invoke] (C:\Users\kapilsuri\AppData\Local\Programs\Appium\resources\app\node_modules\appium-base-driver\node_modules\babel-runtime\regenerator\runtime.js:315:22)
    at GeneratorFunctionPrototype.prototype.(anonymous function) [as next] (C:\Users\kapilsuri\AppData\Local\Programs\Appium\resources\app\node_modules\appium-base-driver\node_modules\babel-runtime\regenerator\runtime.js:100:21)
    at invoke (C:\Users\kapilsuri\AppData\Local\Programs\Appium\resources\app\node_modules\appium-base-driver\node_modules\babel-runtime\regenerator\runtime.js:136:37)
    at enqueueResult (C:\Users\kapilsuri\AppData\Local\Programs\Appium\resources\app\node_modules\appium-base-driver\node_modules\babel-runtime\regenerator\runtime.js:185:17)
    at new Promise (&lt;anonymous&gt;)
    at new F (C:\Users\kapilsuri\AppData\Local\Programs\Appium\resources\app\node_modules\appium-base-driver\node_modules\core-js\library\modules\$.export.js:30:36)
    at AsyncIterator.enqueue (C:\Users\kapilsuri\AppData\Local\Programs\Appium\resources\app\node_modules\appium-base-driver\node_modules\babel-runtime\regenerator\runtime.js:184:12)
    at AsyncIterator.prototype.(anonymous function) [as next] (C:\Users\kapilsuri\AppData\Local\Programs\Appium\resources\app\node_modules\appium-base-driver\node_modules\babel-runtime\regenerator\runtime.js:100:21)
    at Object.runtime.async (C:\Users\kapilsuri\AppData\Local\Programs\Appium\resources\app\node_modules\appium-base-driver\node_modules\babel-runtime\regenerator\runtime.js:209:12)
    at asyncHandler (C:\Users\kapilsuri\AppData\Local\Programs\Appium\resources\app\node_modules\appium-base-driver\build\lib\protocol\protocol.js:331:32)
    at C:\Users\kapilsuri\AppData\Local\Programs\Appium\resources\app\node_modules\appium-base-driver\lib\protocol\protocol.js:394:15
    at Layer.handle [as handle_request] (C:\Users\kapilsuri\AppData\Local\Programs\Appium\resources\app\node_modules\express\lib\router\layer.js:95:5)
    at next (C:\Users\kapilsuri\AppData\Local\Programs\Appium\resources\app\node_modules\express\lib\router\route.js:137:13)
    at Route.dispatch (C:\Users\kapilsuri\AppData\Local\Programs\Appium\resources\app\node_modules\express\lib\router\route.js:112:3)
    at Layer.handle [as handle_request] (C:\Users\kapilsuri\AppData\Local\Programs\Appium\resources\app\node_modules\express\lib\router\layer.js:95:5)
    at C:\Users\kapilsuri\AppData\Local\Programs\Appium\resources\app\node_modules\express\lib\router\index.js:281:22
    at param (C:\Users\kapilsuri\AppData\Local\Programs\Appium\resources\app\node_modules\express\lib\router\index.js:354:14)
    at param (C:\Users\kapilsuri\AppData\Local\Programs\Appium\resources\app\node_modules\express\lib\router\index.js:365:14)
    at Function.process_params (C:\Users\kapilsuri\AppData\Local\Programs\Appium\resources\app\node_modules\express\lib\router\index.js:410:3)
    at next (C:\Users\kapilsuri\AppData\Local\Programs\Appium\resources\app\node_modules\express\lib\router\index.js:275:10)
    at logger (C:\Users\kapilsuri\AppData\Local\Programs\Appium\resources\app\node_modules\morgan\index.js:144:5)
    at Layer.handle [as handle_request] (C:\Users\kapilsuri\AppData\Local\Programs\Appium\resources\app\node_modules\express\lib\router\layer.js:95:5)
    at trim_prefix (C:\Users\kapilsuri\AppData\Local\Programs\Appium\resources\app\node_modules\express\lib\router\index.js:317:13)
    at C:\Users\kapilsuri\AppData\Local\Programs\Appium\resources\app\node_modules\express\lib\router\index.js:284:7
    at Function.process_params (C:\Users\kapilsuri\AppData\Local\Programs\Appium\resources\app\node_modules\express\lib\router\index.js:335:12)
    at next (C:\Users\kapilsuri\AppData\Local\Programs\Appium\resources\app\node_modules\express\lib\router\index.js:275:10)
    at C:\Users\kapilsuri\AppData\Local\Programs\Appium\resources\app\node_modules\body-parser\lib\read.js:130:5
    at invokeCallback (C:\Users\kapilsuri\AppData\Local\Programs\Appium\resources\app\node_modules\raw-body\index.js:224:16)
    at done (C:\Users\kapilsuri\AppData\Local\Programs\Appium\resources\app\node_modules\raw-body\index.js:213:7)
    at IncomingMessage.onEnd (C:\Users\kapilsuri\AppData\Local\Programs\Appium\resources\app\node_modules\raw-body\index.js:273:7)
    at emitNone (events.js:106:13)
    at IncomingMessage.emit (events.js:208:7)
    at endReadableNT (_stream_readable.js:1056:12)
    at _combinedTickCallback (internal/process/next_tick.js:138:11)
    at process._tickCallback (internal/process/next_tick.js:180:9)}
Build info: version: &apos;3.12.0&apos;, revision: &apos;7c6e0b3&apos;, time: &apos;2018-05-08T14:04:26.12Z&apos;
System info: host: &apos;KAPIL3894&apos;, ip: &apos;169.254.57.2&apos;, os.name: &apos;Windows 7&apos;, os.arch: &apos;amd64&apos;, os.version: &apos;6.1&apos;, java.version: &apos;1.8.0_77&apos;
Driver info: driver.version: AndroidDriver
	at org.openqa.selenium.remote.RemoteWebDriver.findElement(RemoteWebDriver.java:324)
	at io.appium.java_client.DefaultGenericMobileDriver.findElement(DefaultGenericMobileDriver.java:62)
	at io.appium.java_client.AppiumDriver.findElement(AppiumDriver.java:1)
	at io.appium.java_client.android.AndroidDriver.findElement(AndroidDriver.java:1)
	at org.openqa.selenium.remote.RemoteWebDriver.findElementById(RemoteWebDriver.java:363)
	at io.appium.java_client.DefaultGenericMobileDriver.findElementById(DefaultGenericMobileDriver.java:70)
	at io.appium.java_client.AppiumDriver.findElementById(AppiumDriver.java:1)
	at io.appium.java_client.android.AndroidDriver.findElementById(AndroidDriver.java:1)
	at org.openqa.selenium.By$ById.findElement(By.java:188)
	at org.openqa.selenium.remote.RemoteWebDriver.findElement(RemoteWebDriver.java:309)
	at io.appium.java_client.DefaultGenericMobileDriver.findElement(DefaultGenericMobileDriver.java:58)
	at io.appium.java_client.AppiumDriver.findElement(AppiumDriver.java:1)
	at io.appium.java_client.android.AndroidDriver.findElement(AndroidDriver.java:1)
	at io.appium.java_client.pagefactory.bys.builder.ByChained.lambda$0(ByChained.java:38)
	at org.openqa.selenium.support.ui.FluentWait.until(FluentWait.java:248)
	at io.appium.java_client.pagefactory.bys.builder.ByChained.findElement(ByChained.java:70)
	at org.openqa.selenium.remote.RemoteWebDriver.findElement(RemoteWebDriver.java:309)
	at io.appium.java_client.DefaultGenericMobileDriver.findElement(DefaultGenericMobileDriver.java:58)
	at io.appium.java_client.AppiumDriver.findElement(AppiumDriver.java:1)
	at io.appium.java_client.android.AndroidDriver.findElement(AndroidDriver.java:1)
	at io.appium.java_client.pagefactory.bys.ContentMappedBy.findElement(ContentMappedBy.java:36)
	at org.openqa.selenium.remote.RemoteWebDriver.findElement(RemoteWebDriver.java:309)
	at io.appium.java_client.DefaultGenericMobileDriver.findElement(DefaultGenericMobileDriver.java:58)
	at io.appium.java_client.AppiumDriver.findElement(AppiumDriver.java:1)
	at io.appium.java_client.android.AndroidDriver.findElement(AndroidDriver.java:1)
	at io.appium.java_client.pagefactory.AppiumElementLocator.lambda$0(AppiumElementLocator.java:96)
	at io.appium.java_client.pagefactory.AppiumElementLocator$WaitingFunction.apply(AppiumElementLocator.java:150)
	at io.appium.java_client.pagefactory.AppiumElementLocator$WaitingFunction.apply(AppiumElementLocator.java:1)
	at org.openqa.selenium.support.ui.FluentWait.until(FluentWait.java:248)
	at io.appium.java_client.pagefactory.AppiumElementLocator.waitFor(AppiumElementLocator.java:76)
	at io.appium.java_client.pagefactory.AppiumElementLocator.findElement(AppiumElementLocator.java:95)
	at io.appium.java_client.pagefactory.interceptors.InterceptorOfASingleElement.intercept(InterceptorOfASingleElement.java:61)
	at io.appium.java_client.android.AndroidElement$$EnhancerByCGLIB$$b598166c.click(&lt;generated&gt;)
	at org.framework.adib.selendroidTestApp.pages.HomePage.clickNewRegBttn(HomePage.java:32)
	at org.framework.adib.selendroidTestApp.StepDefinition.SelendroidTest.user_clicks_on_Create_New_User_icon(SelendroidTest.java:41)
	at cucumber.runtime.Utils$1.call(Utils.java:40)
	at cucumber.runtime.Timeout.timeout(Timeout.java:16)
	at cucumber.runtime.Utils.invoke(Utils.java:34)
	at cucumber.runtime.java.JavaStepDefinition.execute(JavaStepDefinition.java:38)
	at cucumber.runtime.StepDefinitionMatch.runStep(StepDefinitionMatch.java:37)
	at cucumber.runtime.Runtime.runStep(Runtime.java:300)
	at cucumber.runtime.model.StepContainer.runStep(StepContainer.java:44)
	at cucumber.runtime.model.StepContainer.runSteps(StepContainer.java:39)
	at cucumber.runtime.model.CucumberScenario.run(CucumberScenario.java:44)
	at cucumber.runtime.model.CucumberFeature.run(CucumberFeature.java:165)
	at cucumber.api.testng.TestNGCucumberRunner.runCucumber(TestNGCucumberRunner.java:63)
	at cucumber.api.testng.AbstractTestNGCucumberTests.feature(AbstractTestNGCucumberTests.java:21)
	at java.util.concurrent.FutureTask.run(FutureTask.java:266)
	at java.util.concurrent.ThreadPoolExecutor.runWorker(ThreadPoolExecutor.java:1142)
	at java.util.concurrent.ThreadPoolExecutor$Worker.run(ThreadPoolExecutor.java:617)
	at java.lang.Thread.run(Thread.java:745)
Caused by: java.lang.ClassCastException: com.google.common.collect.Maps$TransformedEntriesMap cannot be cast to org.openqa.selenium.WebElement
	at org.openqa.selenium.remote.RemoteWebDriver.findElement(RemoteWebDriver.java:322)
	... 70 more
... Removed 36 stack frames</pre></div><a href='#' onClick='toggleBox("stack-trace825256404", this, "Click to show all stack frames", "Click to hide stack frames")'>Click to show all stack frames</a>
<div class='stack-trace' id='stack-trace825256404'><pre>cucumber.runtime.CucumberException: org.openqa.selenium.WebDriverException: org.openqa.selenium.WebDriverException: Returned value cannot be converted to WebElement: {error=invalid session id, message=A session is either terminated or not started, stacktrace=NoSuchDriverError: A session is either terminated or not started
    at asyncHandler$ (C:\Users\kapilsuri\AppData\Local\Programs\Appium\resources\app\node_modules\appium-base-driver\lib\protocol\protocol.js:212:15)
    at tryCatch (C:\Users\kapilsuri\AppData\Local\Programs\Appium\resources\app\node_modules\appium-base-driver\node_modules\babel-runtime\regenerator\runtime.js:67:40)
    at GeneratorFunctionPrototype.invoke [as _invoke] (C:\Users\kapilsuri\AppData\Local\Programs\Appium\resources\app\node_modules\appium-base-driver\node_modules\babel-runtime\regenerator\runtime.js:315:22)
    at GeneratorFunctionPrototype.prototype.(anonymous function) [as next] (C:\Users\kapilsuri\AppData\Local\Programs\Appium\resources\app\node_modules\appium-base-driver\node_modules\babel-runtime\regenerator\runtime.js:100:21)
    at invoke (C:\Users\kapilsuri\AppData\Local\Programs\Appium\resources\app\node_modules\appium-base-driver\node_modules\babel-runtime\regenerator\runtime.js:136:37)
    at enqueueResult (C:\Users\kapilsuri\AppData\Local\Programs\Appium\resources\app\node_modules\appium-base-driver\node_modules\babel-runtime\regenerator\runtime.js:185:17)
    at new Promise (&lt;anonymous&gt;)
    at new F (C:\Users\kapilsuri\AppData\Local\Programs\Appium\resources\app\node_modules\appium-base-driver\node_modules\core-js\library\modules\$.export.js:30:36)
    at AsyncIterator.enqueue (C:\Users\kapilsuri\AppData\Local\Programs\Appium\resources\app\node_modules\appium-base-driver\node_modules\babel-runtime\regenerator\runtime.js:184:12)
    at AsyncIterator.prototype.(anonymous function) [as next] (C:\Users\kapilsuri\AppData\Local\Programs\Appium\resources\app\node_modules\appium-base-driver\node_modules\babel-runtime\regenerator\runtime.js:100:21)
    at Object.runtime.async (C:\Users\kapilsuri\AppData\Local\Programs\Appium\resources\app\node_modules\appium-base-driver\node_modules\babel-runtime\regenerator\runtime.js:209:12)
    at asyncHandler (C:\Users\kapilsuri\AppData\Local\Programs\Appium\resources\app\node_modules\appium-base-driver\build\lib\protocol\protocol.js:331:32)
    at C:\Users\kapilsuri\AppData\Local\Programs\Appium\resources\app\node_modules\appium-base-driver\lib\protocol\protocol.js:394:15
    at Layer.handle [as handle_request] (C:\Users\kapilsuri\AppData\Local\Programs\Appium\resources\app\node_modules\express\lib\router\layer.js:95:5)
    at next (C:\Users\kapilsuri\AppData\Local\Programs\Appium\resources\app\node_modules\express\lib\router\route.js:137:13)
    at Route.dispatch (C:\Users\kapilsuri\AppData\Local\Programs\Appium\resources\app\node_modules\express\lib\router\route.js:112:3)
    at Layer.handle [as handle_request] (C:\Users\kapilsuri\AppData\Local\Programs\Appium\resources\app\node_modules\express\lib\router\layer.js:95:5)
    at C:\Users\kapilsuri\AppData\Local\Programs\Appium\resources\app\node_modules\express\lib\router\index.js:281:22
    at param (C:\Users\kapilsuri\AppData\Local\Programs\Appium\resources\app\node_modules\express\lib\router\index.js:354:14)
    at param (C:\Users\kapilsuri\AppData\Local\Programs\Appium\resources\app\node_modules\express\lib\router\index.js:365:14)
    at Function.process_params (C:\Users\kapilsuri\AppData\Local\Programs\Appium\resources\app\node_modules\express\lib\router\index.js:410:3)
    at next (C:\Users\kapilsuri\AppData\Local\Programs\Appium\resources\app\node_modules\express\lib\router\index.js:275:10)
    at logger (C:\Users\kapilsuri\AppData\Local\Programs\Appium\resources\app\node_modules\morgan\index.js:144:5)
    at Layer.handle [as handle_request] (C:\Users\kapilsuri\AppData\Local\Programs\Appium\resources\app\node_modules\express\lib\router\layer.js:95:5)
    at trim_prefix (C:\Users\kapilsuri\AppData\Local\Programs\Appium\resources\app\node_modules\express\lib\router\index.js:317:13)
    at C:\Users\kapilsuri\AppData\Local\Programs\Appium\resources\app\node_modules\express\lib\router\index.js:284:7
    at Function.process_params (C:\Users\kapilsuri\AppData\Local\Programs\Appium\resources\app\node_modules\express\lib\router\index.js:335:12)
    at next (C:\Users\kapilsuri\AppData\Local\Programs\Appium\resources\app\node_modules\express\lib\router\index.js:275:10)
    at C:\Users\kapilsuri\AppData\Local\Programs\Appium\resources\app\node_modules\body-parser\lib\read.js:130:5
    at invokeCallback (C:\Users\kapilsuri\AppData\Local\Programs\Appium\resources\app\node_modules\raw-body\index.js:224:16)
    at done (C:\Users\kapilsuri\AppData\Local\Programs\Appium\resources\app\node_modules\raw-body\index.js:213:7)
    at IncomingMessage.onEnd (C:\Users\kapilsuri\AppData\Local\Programs\Appium\resources\app\node_modules\raw-body\index.js:273:7)
    at emitNone (events.js:106:13)
    at IncomingMessage.emit (events.js:208:7)
    at endReadableNT (_stream_readable.js:1056:12)
    at _combinedTickCallback (internal/process/next_tick.js:138:11)
    at process._tickCallback (internal/process/next_tick.js:180:9)}
Build info: version: &apos;3.12.0&apos;, revision: &apos;7c6e0b3&apos;, time: &apos;2018-05-08T14:04:26.12Z&apos;
System info: host: &apos;KAPIL3894&apos;, ip: &apos;169.254.57.2&apos;, os.name: &apos;Windows 7&apos;, os.arch: &apos;amd64&apos;, os.version: &apos;6.1&apos;, java.version: &apos;1.8.0_77&apos;
Driver info: driver.version: AndroidDriver
	at cucumber.api.testng.TestNGCucumberRunner.runCucumber(TestNGCucumberRunner.java:69)
	at cucumber.api.testng.AbstractTestNGCucumberTests.feature(AbstractTestNGCucumberTests.java:21)
	at sun.reflect.NativeMethodAccessorImpl.invoke0(Native Method)
	at sun.reflect.NativeMethodAccessorImpl.invoke(NativeMethodAccessorImpl.java:62)
	at sun.reflect.DelegatingMethodAccessorImpl.invoke(DelegatingMethodAccessorImpl.java:43)
	at java.lang.reflect.Method.invoke(Method.java:498)
	at org.testng.internal.MethodInvocationHelper.invokeMethod(MethodInvocationHelper.java:124)
	at org.testng.internal.Invoker.invokeMethod(Invoker.java:583)
	at org.testng.internal.Invoker.invokeTestMethod(Invoker.java:719)
	at org.testng.internal.Invoker.invokeTestMethods(Invoker.java:989)
	at org.testng.internal.TestMethodWorker.invokeTestMethods(TestMethodWorker.java:125)
	at org.testng.internal.TestMethodWorker.run(TestMethodWorker.java:109)
	at org.testng.TestRunner.privateRun(TestRunner.java:648)
	at org.testng.TestRunner.run(TestRunner.java:505)
	at org.testng.SuiteRunner.runTest(SuiteRunner.java:455)
	at org.testng.SuiteRunner.access$000(SuiteRunner.java:40)
	at org.testng.SuiteRunner$SuiteWorker.run(SuiteRunner.java:489)
	at org.testng.internal.thread.ThreadUtil$1.call(ThreadUtil.java:52)
	at java.util.concurrent.FutureTask.run(FutureTask.java:266)
	at java.util.concurrent.ThreadPoolExecutor.runWorker(ThreadPoolExecutor.java:1142)
	at java.util.concurrent.ThreadPoolExecutor$Worker.run(ThreadPoolExecutor.java:617)
	at java.lang.Thread.run(Thread.java:745)
Caused by: org.openqa.selenium.WebDriverException: org.openqa.selenium.WebDriverException: Returned value cannot be converted to WebElement: {error=invalid session id, message=A session is either terminated or not started, stacktrace=NoSuchDriverError: A session is either terminated or not started
    at asyncHandler$ (C:\Users\kapilsuri\AppData\Local\Programs\Appium\resources\app\node_modules\appium-base-driver\lib\protocol\protocol.js:212:15)
    at tryCatch (C:\Users\kapilsuri\AppData\Local\Programs\Appium\resources\app\node_modules\appium-base-driver\node_modules\babel-runtime\regenerator\runtime.js:67:40)
    at GeneratorFunctionPrototype.invoke [as _invoke] (C:\Users\kapilsuri\AppData\Local\Programs\Appium\resources\app\node_modules\appium-base-driver\node_modules\babel-runtime\regenerator\runtime.js:315:22)
    at GeneratorFunctionPrototype.prototype.(anonymous function) [as next] (C:\Users\kapilsuri\AppData\Local\Programs\Appium\resources\app\node_modules\appium-base-driver\node_modules\babel-runtime\regenerator\runtime.js:100:21)
    at invoke (C:\Users\kapilsuri\AppData\Local\Programs\Appium\resources\app\node_modules\appium-base-driver\node_modules\babel-runtime\regenerator\runtime.js:136:37)
    at enqueueResult (C:\Users\kapilsuri\AppData\Local\Programs\Appium\resources\app\node_modules\appium-base-driver\node_modules\babel-runtime\regenerator\runtime.js:185:17)
    at new Promise (&lt;anonymous&gt;)
    at new F (C:\Users\kapilsuri\AppData\Local\Programs\Appium\resources\app\node_modules\appium-base-driver\node_modules\core-js\library\modules\$.export.js:30:36)
    at AsyncIterator.enqueue (C:\Users\kapilsuri\AppData\Local\Programs\Appium\resources\app\node_modules\appium-base-driver\node_modules\babel-runtime\regenerator\runtime.js:184:12)
    at AsyncIterator.prototype.(anonymous function) [as next] (C:\Users\kapilsuri\AppData\Local\Programs\Appium\resources\app\node_modules\appium-base-driver\node_modules\babel-runtime\regenerator\runtime.js:100:21)
    at Object.runtime.async (C:\Users\kapilsuri\AppData\Local\Programs\Appium\resources\app\node_modules\appium-base-driver\node_modules\babel-runtime\regenerator\runtime.js:209:12)
    at asyncHandler (C:\Users\kapilsuri\AppData\Local\Programs\Appium\resources\app\node_modules\appium-base-driver\build\lib\protocol\protocol.js:331:32)
    at C:\Users\kapilsuri\AppData\Local\Programs\Appium\resources\app\node_modules\appium-base-driver\lib\protocol\protocol.js:394:15
    at Layer.handle [as handle_request] (C:\Users\kapilsuri\AppData\Local\Programs\Appium\resources\app\node_modules\express\lib\router\layer.js:95:5)
    at next (C:\Users\kapilsuri\AppData\Local\Programs\Appium\resources\app\node_modules\express\lib\router\route.js:137:13)
    at Route.dispatch (C:\Users\kapilsuri\AppData\Local\Programs\Appium\resources\app\node_modules\express\lib\router\route.js:112:3)
    at Layer.handle [as handle_request] (C:\Users\kapilsuri\AppData\Local\Programs\Appium\resources\app\node_modules\express\lib\router\layer.js:95:5)
    at C:\Users\kapilsuri\AppData\Local\Programs\Appium\resources\app\node_modules\express\lib\router\index.js:281:22
    at param (C:\Users\kapilsuri\AppData\Local\Programs\Appium\resources\app\node_modules\express\lib\router\index.js:354:14)
    at param (C:\Users\kapilsuri\AppData\Local\Programs\Appium\resources\app\node_modules\express\lib\router\index.js:365:14)
    at Function.process_params (C:\Users\kapilsuri\AppData\Local\Programs\Appium\resources\app\node_modules\express\lib\router\index.js:410:3)
    at next (C:\Users\kapilsuri\AppData\Local\Programs\Appium\resources\app\node_modules\express\lib\router\index.js:275:10)
    at logger (C:\Users\kapilsuri\AppData\Local\Programs\Appium\resources\app\node_modules\morgan\index.js:144:5)
    at Layer.handle [as handle_request] (C:\Users\kapilsuri\AppData\Local\Programs\Appium\resources\app\node_modules\express\lib\router\layer.js:95:5)
    at trim_prefix (C:\Users\kapilsuri\AppData\Local\Programs\Appium\resources\app\node_modules\express\lib\router\index.js:317:13)
    at C:\Users\kapilsuri\AppData\Local\Programs\Appium\resources\app\node_modules\express\lib\router\index.js:284:7
    at Function.process_params (C:\Users\kapilsuri\AppData\Local\Programs\Appium\resources\app\node_modules\express\lib\router\index.js:335:12)
    at next (C:\Users\kapilsuri\AppData\Local\Programs\Appium\resources\app\node_modules\express\lib\router\index.js:275:10)
    at C:\Users\kapilsuri\AppData\Local\Programs\Appium\resources\app\node_modules\body-parser\lib\read.js:130:5
    at invokeCallback (C:\Users\kapilsuri\AppData\Local\Programs\Appium\resources\app\node_modules\raw-body\index.js:224:16)
    at done (C:\Users\kapilsuri\AppData\Local\Programs\Appium\resources\app\node_modules\raw-body\index.js:213:7)
    at IncomingMessage.onEnd (C:\Users\kapilsuri\AppData\Local\Programs\Appium\resources\app\node_modules\raw-body\index.js:273:7)
    at emitNone (events.js:106:13)
    at IncomingMessage.emit (events.js:208:7)
    at endReadableNT (_stream_readable.js:1056:12)
    at _combinedTickCallback (internal/process/next_tick.js:138:11)
    at process._tickCallback (internal/process/next_tick.js:180:9)}
Build info: version: &apos;3.12.0&apos;, revision: &apos;7c6e0b3&apos;, time: &apos;2018-05-08T14:04:26.12Z&apos;
System info: host: &apos;KAPIL3894&apos;, ip: &apos;169.254.57.2&apos;, os.name: &apos;Windows 7&apos;, os.arch: &apos;amd64&apos;, os.version: &apos;6.1&apos;, java.version: &apos;1.8.0_77&apos;
Driver info: driver.version: AndroidDriver
	at io.appium.java_client.pagefactory.AppiumElementLocator$WaitingFunction.apply(AppiumElementLocator.java:170)
	at io.appium.java_client.pagefactory.AppiumElementLocator$WaitingFunction.apply(AppiumElementLocator.java:1)
	at org.openqa.selenium.support.ui.FluentWait.until(FluentWait.java:248)
	at io.appium.java_client.pagefactory.AppiumElementLocator.waitFor(AppiumElementLocator.java:76)
	at io.appium.java_client.pagefactory.AppiumElementLocator.findElement(AppiumElementLocator.java:95)
	at io.appium.java_client.pagefactory.interceptors.InterceptorOfASingleElement.intercept(InterceptorOfASingleElement.java:61)
	at io.appium.java_client.android.AndroidElement$$EnhancerByCGLIB$$b598166c.click(&lt;generated&gt;)
	at org.framework.adib.selendroidTestApp.pages.HomePage.clickNewRegBttn(HomePage.java:32)
	at org.framework.adib.selendroidTestApp.StepDefinition.SelendroidTest.user_clicks_on_Create_New_User_icon(SelendroidTest.java:41)
	at ?.When User clicks on Create New User icon(src/test/java/org/framework/adib/selendroidTestApp/Feature/MyApplicationFeature.feature:6)
Caused by: org.openqa.selenium.WebDriverException: Returned value cannot be converted to WebElement: {error=invalid session id, message=A session is either terminated or not started, stacktrace=NoSuchDriverError: A session is either terminated or not started
    at asyncHandler$ (C:\Users\kapilsuri\AppData\Local\Programs\Appium\resources\app\node_modules\appium-base-driver\lib\protocol\protocol.js:212:15)
    at tryCatch (C:\Users\kapilsuri\AppData\Local\Programs\Appium\resources\app\node_modules\appium-base-driver\node_modules\babel-runtime\regenerator\runtime.js:67:40)
    at GeneratorFunctionPrototype.invoke [as _invoke] (C:\Users\kapilsuri\AppData\Local\Programs\Appium\resources\app\node_modules\appium-base-driver\node_modules\babel-runtime\regenerator\runtime.js:315:22)
    at GeneratorFunctionPrototype.prototype.(anonymous function) [as next] (C:\Users\kapilsuri\AppData\Local\Programs\Appium\resources\app\node_modules\appium-base-driver\node_modules\babel-runtime\regenerator\runtime.js:100:21)
    at invoke (C:\Users\kapilsuri\AppData\Local\Programs\Appium\resources\app\node_modules\appium-base-driver\node_modules\babel-runtime\regenerator\runtime.js:136:37)
    at enqueueResult (C:\Users\kapilsuri\AppData\Local\Programs\Appium\resources\app\node_modules\appium-base-driver\node_modules\babel-runtime\regenerator\runtime.js:185:17)
    at new Promise (&lt;anonymous&gt;)
    at new F (C:\Users\kapilsuri\AppData\Local\Programs\Appium\resources\app\node_modules\appium-base-driver\node_modules\core-js\library\modules\$.export.js:30:36)
    at AsyncIterator.enqueue (C:\Users\kapilsuri\AppData\Local\Programs\Appium\resources\app\node_modules\appium-base-driver\node_modules\babel-runtime\regenerator\runtime.js:184:12)
    at AsyncIterator.prototype.(anonymous function) [as next] (C:\Users\kapilsuri\AppData\Local\Programs\Appium\resources\app\node_modules\appium-base-driver\node_modules\babel-runtime\regenerator\runtime.js:100:21)
    at Object.runtime.async (C:\Users\kapilsuri\AppData\Local\Programs\Appium\resources\app\node_modules\appium-base-driver\node_modules\babel-runtime\regenerator\runtime.js:209:12)
    at asyncHandler (C:\Users\kapilsuri\AppData\Local\Programs\Appium\resources\app\node_modules\appium-base-driver\build\lib\protocol\protocol.js:331:32)
    at C:\Users\kapilsuri\AppData\Local\Programs\Appium\resources\app\node_modules\appium-base-driver\lib\protocol\protocol.js:394:15
    at Layer.handle [as handle_request] (C:\Users\kapilsuri\AppData\Local\Programs\Appium\resources\app\node_modules\express\lib\router\layer.js:95:5)
    at next (C:\Users\kapilsuri\AppData\Local\Programs\Appium\resources\app\node_modules\express\lib\router\route.js:137:13)
    at Route.dispatch (C:\Users\kapilsuri\AppData\Local\Programs\Appium\resources\app\node_modules\express\lib\router\route.js:112:3)
    at Layer.handle [as handle_request] (C:\Users\kapilsuri\AppData\Local\Programs\Appium\resources\app\node_modules\express\lib\router\layer.js:95:5)
    at C:\Users\kapilsuri\AppData\Local\Programs\Appium\resources\app\node_modules\express\lib\router\index.js:281:22
    at param (C:\Users\kapilsuri\AppData\Local\Programs\Appium\resources\app\node_modules\express\lib\router\index.js:354:14)
    at param (C:\Users\kapilsuri\AppData\Local\Programs\Appium\resources\app\node_modules\express\lib\router\index.js:365:14)
    at Function.process_params (C:\Users\kapilsuri\AppData\Local\Programs\Appium\resources\app\node_modules\express\lib\router\index.js:410:3)
    at next (C:\Users\kapilsuri\AppData\Local\Programs\Appium\resources\app\node_modules\express\lib\router\index.js:275:10)
    at logger (C:\Users\kapilsuri\AppData\Local\Programs\Appium\resources\app\node_modules\morgan\index.js:144:5)
    at Layer.handle [as handle_request] (C:\Users\kapilsuri\AppData\Local\Programs\Appium\resources\app\node_modules\express\lib\router\layer.js:95:5)
    at trim_prefix (C:\Users\kapilsuri\AppData\Local\Programs\Appium\resources\app\node_modules\express\lib\router\index.js:317:13)
    at C:\Users\kapilsuri\AppData\Local\Programs\Appium\resources\app\node_modules\express\lib\router\index.js:284:7
    at Function.process_params (C:\Users\kapilsuri\AppData\Local\Programs\Appium\resources\app\node_modules\express\lib\router\index.js:335:12)
    at next (C:\Users\kapilsuri\AppData\Local\Programs\Appium\resources\app\node_modules\express\lib\router\index.js:275:10)
    at C:\Users\kapilsuri\AppData\Local\Programs\Appium\resources\app\node_modules\body-parser\lib\read.js:130:5
    at invokeCallback (C:\Users\kapilsuri\AppData\Local\Programs\Appium\resources\app\node_modules\raw-body\index.js:224:16)
    at done (C:\Users\kapilsuri\AppData\Local\Programs\Appium\resources\app\node_modules\raw-body\index.js:213:7)
    at IncomingMessage.onEnd (C:\Users\kapilsuri\AppData\Local\Programs\Appium\resources\app\node_modules\raw-body\index.js:273:7)
    at emitNone (events.js:106:13)
    at IncomingMessage.emit (events.js:208:7)
    at endReadableNT (_stream_readable.js:1056:12)
    at _combinedTickCallback (internal/process/next_tick.js:138:11)
    at process._tickCallback (internal/process/next_tick.js:180:9)}
Build info: version: &apos;3.12.0&apos;, revision: &apos;7c6e0b3&apos;, time: &apos;2018-05-08T14:04:26.12Z&apos;
System info: host: &apos;KAPIL3894&apos;, ip: &apos;169.254.57.2&apos;, os.name: &apos;Windows 7&apos;, os.arch: &apos;amd64&apos;, os.version: &apos;6.1&apos;, java.version: &apos;1.8.0_77&apos;
Driver info: driver.version: AndroidDriver
	at org.openqa.selenium.remote.RemoteWebDriver.findElement(RemoteWebDriver.java:324)
	at io.appium.java_client.DefaultGenericMobileDriver.findElement(DefaultGenericMobileDriver.java:62)
	at io.appium.java_client.AppiumDriver.findElement(AppiumDriver.java:1)
	at io.appium.java_client.android.AndroidDriver.findElement(AndroidDriver.java:1)
	at org.openqa.selenium.remote.RemoteWebDriver.findElementById(RemoteWebDriver.java:363)
	at io.appium.java_client.DefaultGenericMobileDriver.findElementById(DefaultGenericMobileDriver.java:70)
	at io.appium.java_client.AppiumDriver.findElementById(AppiumDriver.java:1)
	at io.appium.java_client.android.AndroidDriver.findElementById(AndroidDriver.java:1)
	at org.openqa.selenium.By$ById.findElement(By.java:188)
	at org.openqa.selenium.remote.RemoteWebDriver.findElement(RemoteWebDriver.java:309)
	at io.appium.java_client.DefaultGenericMobileDriver.findElement(DefaultGenericMobileDriver.java:58)
	at io.appium.java_client.AppiumDriver.findElement(AppiumDriver.java:1)
	at io.appium.java_client.android.AndroidDriver.findElement(AndroidDriver.java:1)
	at io.appium.java_client.pagefactory.bys.builder.ByChained.lambda$0(ByChained.java:38)
	at org.openqa.selenium.support.ui.FluentWait.until(FluentWait.java:248)
	at io.appium.java_client.pagefactory.bys.builder.ByChained.findElement(ByChained.java:70)
	at org.openqa.selenium.remote.RemoteWebDriver.findElement(RemoteWebDriver.java:309)
	at io.appium.java_client.DefaultGenericMobileDriver.findElement(DefaultGenericMobileDriver.java:58)
	at io.appium.java_client.AppiumDriver.findElement(AppiumDriver.java:1)
	at io.appium.java_client.android.AndroidDriver.findElement(AndroidDriver.java:1)
	at io.appium.java_client.pagefactory.bys.ContentMappedBy.findElement(ContentMappedBy.java:36)
	at org.openqa.selenium.remote.RemoteWebDriver.findElement(RemoteWebDriver.java:309)
	at io.appium.java_client.DefaultGenericMobileDriver.findElement(DefaultGenericMobileDriver.java:58)
	at io.appium.java_client.AppiumDriver.findElement(AppiumDriver.java:1)
	at io.appium.java_client.android.AndroidDriver.findElement(AndroidDriver.java:1)
	at io.appium.java_client.pagefactory.AppiumElementLocator.lambda$0(AppiumElementLocator.java:96)
	at io.appium.java_client.pagefactory.AppiumElementLocator$WaitingFunction.apply(AppiumElementLocator.java:150)
	at io.appium.java_client.pagefactory.AppiumElementLocator$WaitingFunction.apply(AppiumElementLocator.java:1)
	at org.openqa.selenium.support.ui.FluentWait.until(FluentWait.java:248)
	at io.appium.java_client.pagefactory.AppiumElementLocator.waitFor(AppiumElementLocator.java:76)
	at io.appium.java_client.pagefactory.AppiumElementLocator.findElement(AppiumElementLocator.java:95)
	at io.appium.java_client.pagefactory.interceptors.InterceptorOfASingleElement.intercept(InterceptorOfASingleElement.java:61)
	at io.appium.java_client.android.AndroidElement$$EnhancerByCGLIB$$b598166c.click(&lt;generated&gt;)
	at org.framework.adib.selendroidTestApp.pages.HomePage.clickNewRegBttn(HomePage.java:32)
	at org.framework.adib.selendroidTestApp.StepDefinition.SelendroidTest.user_clicks_on_Create_New_User_icon(SelendroidTest.java:41)
	at sun.reflect.NativeMethodAccessorImpl.invoke0(Native Method)
	at sun.reflect.NativeMethodAccessorImpl.invoke(NativeMethodAccessorImpl.java:62)
	at sun.reflect.DelegatingMethodAccessorImpl.invoke(DelegatingMethodAccessorImpl.java:43)
	at java.lang.reflect.Method.invoke(Method.java:498)
	at cucumber.runtime.Utils$1.call(Utils.java:40)
	at cucumber.runtime.Timeout.timeout(Timeout.java:16)
	at cucumber.runtime.Utils.invoke(Utils.java:34)
	at cucumber.runtime.java.JavaStepDefinition.execute(JavaStepDefinition.java:38)
	at cucumber.runtime.StepDefinitionMatch.runStep(StepDefinitionMatch.java:37)
	at cucumber.runtime.Runtime.runStep(Runtime.java:300)
	at cucumber.runtime.model.StepContainer.runStep(StepContainer.java:44)
	at cucumber.runtime.model.StepContainer.runSteps(StepContainer.java:39)
	at cucumber.runtime.model.CucumberScenario.run(CucumberScenario.java:44)
	at cucumber.runtime.model.CucumberFeature.run(CucumberFeature.java:165)
	at cucumber.api.testng.TestNGCucumberRunner.runCucumber(TestNGCucumberRunner.java:63)
	at cucumber.api.testng.AbstractTestNGCucumberTests.feature(AbstractTestNGCucumberTests.java:21)
	at sun.reflect.NativeMethodAccessorImpl.invoke0(Native Method)
	at sun.reflect.NativeMethodAccessorImpl.invoke(NativeMethodAccessorImpl.java:62)
	at sun.reflect.DelegatingMethodAccessorImpl.invoke(DelegatingMethodAccessorImpl.java:43)
	at java.lang.reflect.Method.invoke(Method.java:498)
	at org.testng.internal.MethodInvocationHelper.invokeMethod(MethodInvocationHelper.java:124)
	at org.testng.internal.Invoker.invokeMethod(Invoker.java:583)
	at org.testng.internal.Invoker.invokeTestMethod(Invoker.java:719)
	at org.testng.internal.Invoker.invokeTestMethods(Invoker.java:989)
	at org.testng.internal.TestMethodWorker.invokeTestMethods(TestMethodWorker.java:125)
	at org.testng.internal.TestMethodWorker.run(TestMethodWorker.java:109)
	at org.testng.TestRunner.privateRun(TestRunner.java:648)
	at org.testng.TestRunner.run(TestRunner.java:505)
	at org.testng.SuiteRunner.runTest(SuiteRunner.java:455)
	at org.testng.SuiteRunner.access$000(SuiteRunner.java:40)
	at org.testng.SuiteRunner$SuiteWorker.run(SuiteRunner.java:489)
	at org.testng.internal.thread.ThreadUtil$1.call(ThreadUtil.java:52)
	at java.util.concurrent.FutureTask.run(FutureTask.java:266)
	at java.util.concurrent.ThreadPoolExecutor.runWorker(ThreadPoolExecutor.java:1142)
	at java.util.concurrent.ThreadPoolExecutor$Worker.run(ThreadPoolExecutor.java:617)
	at java.lang.Thread.run(Thread.java:745)
Caused by: java.lang.ClassCastException: com.google.common.collect.Maps$TransformedEntriesMap cannot be cast to org.openqa.selenium.WebElement
	at org.openqa.selenium.remote.RemoteWebDriver.findElement(RemoteWebDriver.java:322)
	... 70 more
</pre></div></td>
<td>206</td>
<td>org.framework.adib.selendroidTestApp.Runner.TestRunner@76f2bbc1</td></tr>
</table><p>
</body>
</html>